2026-07-19 20:40:26,340 - INFO - [feature_engineering.py:32] - Initializing SQLite database at 'data_lake/feature_store.db'
2026-07-19 20:40:26,343 - INFO - [feature_engineering.py:43] - Computing user-level aggregation features...
2026-07-19 20:40:26,349 - INFO - [feature_engineering.py:68] - Computing item-level aggregation and sentiment features...
2026-07-19 20:40:26,350 - INFO - [feature_engineering.py:88] - Computing item co-occurrence and Jaccard similarity matrix...
2026-07-19 20:40:26,356 - INFO - [feature_engineering.py:130] - Persisting feature tables to SQLite database at 'data_lake/feature_store.db'
2026-07-19 20:40:26,364 - INFO - [feature_engineering.py:148] - Successfully updated feature warehouse and metadata registry.
2026-07-19 20:40:32,236 - INFO - [feature_engineering.py:32] - Initializing SQLite database at 'data_lake/feature_store.db'
2026-07-19 20:40:32,237 - INFO - [feature_engineering.py:43] - Computing user-level aggregation features...
2026-07-19 20:40:32,240 - INFO - [feature_engineering.py:68] - Computing item-level aggregation and sentiment features...
2026-07-19 20:40:32,242 - INFO - [feature_engineering.py:88] - Computing item co-occurrence and Jaccard similarity matrix...
2026-07-19 20:40:32,243 - INFO - [feature_engineering.py:130] - Persisting feature tables to SQLite database at 'data_lake/feature_store.db'
2026-07-19 20:40:32,249 - INFO - [feature_engineering.py:148] - Successfully updated feature warehouse and metadata registry.
2026-07-19 20:41:02,481 - INFO - [feature_engineering.py:32] - Initializing SQLite database at 'data_lake/feature_store.db'
2026-07-19 20:41:02,481 - INFO - [feature_engineering.py:43] - Computing user-level aggregation features...
2026-07-19 20:41:02,485 - INFO - [feature_engineering.py:68] - Computing item-level aggregation and sentiment features...
2026-07-19 20:41:02,487 - INFO - [feature_engineering.py:88] - Computing item co-occurrence and Jaccard similarity matrix...
2026-07-19 20:41:02,488 - INFO - [feature_engineering.py:130] - Persisting feature tables to SQLite database at 'data_lake/feature_store.db'
2026-07-19 20:41:02,495 - INFO - [feature_engineering.py:148] - Successfully updated feature warehouse and metadata registry.
2026-07-19 20:41:09,216 - INFO - [feature_engineering.py:32] - Initializing SQLite database at 'data_lake/feature_store.db'
2026-07-19 20:41:09,216 - INFO - [feature_engineering.py:43] - Computing user-level aggregation features...
2026-07-19 20:41:09,220 - INFO - [feature_engineering.py:68] - Computing item-level aggregation and sentiment features...
2026-07-19 20:41:09,221 - INFO - [feature_engineering.py:88] - Computing item co-occurrence and Jaccard similarity matrix...
2026-07-19 20:41:09,223 - INFO - [feature_engineering.py:130] - Persisting feature tables to SQLite database at 'data_lake/feature_store.db'
2026-07-19 20:41:09,229 - INFO - [feature_engineering.py:148] - Successfully updated feature warehouse and metadata registry.
2026-07-19 20:44:24,519 - INFO - [feature_engineering.py:32] - Initializing SQLite database at 'data_lake/feature_store.db'
2026-07-19 20:44:24,519 - INFO - [feature_engineering.py:43] - Computing user-level aggregation features...
2026-07-19 20:44:24,524 - INFO - [feature_engineering.py:68] - Computing item-level aggregation and sentiment features...
2026-07-19 20:44:24,526 - INFO - [feature_engineering.py:88] - Computing item co-occurrence and Jaccard similarity matrix...
2026-07-19 20:44:24,527 - INFO - [feature_engineering.py:130] - Persisting feature tables to SQLite database at 'data_lake/feature_store.db'
2026-07-19 20:44:24,535 - INFO - [feature_engineering.py:148] - Successfully updated feature warehouse and metadata registry.
2026-07-19 20:44:42,795 - INFO - [feature_engineering.py:32] - Initializing SQLite database at 'data_lake/feature_store.db'
2026-07-19 20:44:42,796 - INFO - [feature_engineering.py:43] - Computing user-level aggregation features...
2026-07-19 20:44:42,799 - INFO - [feature_engineering.py:68] - Computing item-level aggregation and sentiment features...
2026-07-19 20:44:42,800 - INFO - [feature_engineering.py:88] - Computing item co-occurrence and Jaccard similarity matrix...
2026-07-19 20:44:42,802 - INFO - [feature_engineering.py:130] - Persisting feature tables to SQLite database at 'data_lake/feature_store.db'
2026-07-19 20:44:42,809 - INFO - [feature_engineering.py:148] - Successfully updated feature warehouse and metadata registry.
2026-07-19 20:46:28,121 - INFO - [feature_engineering.py:32] - Initializing SQLite database at 'data_lake/feature_store.db'
2026-07-19 20:46:28,122 - INFO - [feature_engineering.py:43] - Computing user-level aggregation features...
2026-07-19 20:46:28,125 - INFO - [feature_engineering.py:68] - Computing item-level aggregation and sentiment features...
2026-07-19 20:46:28,127 - INFO - [feature_engineering.py:88] - Computing item co-occurrence and Jaccard similarity matrix...
2026-07-19 20:46:28,128 - INFO - [feature_engineering.py:130] - Persisting feature tables to SQLite database at 'data_lake/feature_store.db'
2026-07-19 20:46:28,135 - INFO - [feature_engineering.py:148] - Successfully updated feature warehouse and metadata registry.
2026-07-19 20:48:37,976 - INFO - [feature_engineering.py:32] - Initializing SQLite database at 'data_lake/feature_store.db'
2026-07-19 20:48:37,977 - INFO - [feature_engineering.py:43] - Computing user-level aggregation features...
2026-07-19 20:48:37,980 - INFO - [feature_engineering.py:68] - Computing item-level aggregation and sentiment features...
2026-07-19 20:48:37,982 - INFO - [feature_engineering.py:88] - Computing item co-occurrence and Jaccard similarity matrix...
2026-07-19 20:48:37,984 - INFO - [feature_engineering.py:130] - Persisting feature tables to SQLite database at 'data_lake/feature_store.db'
2026-07-19 20:48:37,991 - INFO - [feature_engineering.py:148] - Successfully updated feature warehouse and metadata registry.
2026-07-19 21:07:10,312 - INFO - [feature_engineering.py:32] - Initializing SQLite database at 'data_lake/feature_store.db'
2026-07-19 21:07:10,314 - INFO - [feature_engineering.py:43] - Computing user-level aggregation features...
2026-07-19 21:07:10,319 - INFO - [feature_engineering.py:68] - Computing item-level aggregation and sentiment features...
2026-07-19 21:07:10,321 - INFO - [feature_engineering.py:88] - Computing item co-occurrence and Jaccard similarity matrix...
2026-07-19 21:07:10,328 - INFO - [feature_engineering.py:130] - Persisting feature tables to SQLite database at 'data_lake/feature_store.db'
2026-07-19 21:07:10,336 - INFO - [feature_engineering.py:148] - Successfully updated feature warehouse and metadata registry.
2026-07-19 21:07:12,983 - INFO - [feature_engineering.py:32] - Initializing SQLite database at 'data_lake/feature_store.db'
2026-07-19 21:07:12,983 - INFO - [feature_engineering.py:43] - Computing user-level aggregation features...
2026-07-19 21:07:12,987 - INFO - [feature_engineering.py:68] - Computing item-level aggregation and sentiment features...
2026-07-19 21:07:12,990 - INFO - [feature_engineering.py:88] - Computing item co-occurrence and Jaccard similarity matrix...
2026-07-19 21:07:12,991 - INFO - [feature_engineering.py:130] - Persisting feature tables to SQLite database at 'data_lake/feature_store.db'
2026-07-19 21:07:12,999 - INFO - [feature_engineering.py:148] - Successfully updated feature warehouse and metadata registry.
2026-07-19 21:07:27,378 - INFO - [feature_engineering.py:32] - Initializing SQLite database at 'data_lake/feature_store.db'
2026-07-19 21:07:27,379 - INFO - [feature_engineering.py:43] - Computing user-level aggregation features...
2026-07-19 21:07:27,382 - INFO - [feature_engineering.py:68] - Computing item-level aggregation and sentiment features...
2026-07-19 21:07:27,384 - INFO - [feature_engineering.py:88] - Computing item co-occurrence and Jaccard similarity matrix...
2026-07-19 21:07:27,385 - INFO - [feature_engineering.py:130] - Persisting feature tables to SQLite database at 'data_lake/feature_store.db'
2026-07-19 21:07:27,392 - INFO - [feature_engineering.py:148] - Successfully updated feature warehouse and metadata registry.
2026-07-19 21:07:29,793 - INFO - [feature_engineering.py:32] - Initializing SQLite database at 'data_lake/feature_store.db'
2026-07-19 21:07:29,793 - INFO - [feature_engineering.py:43] - Computing user-level aggregation features...
2026-07-19 21:07:29,797 - INFO - [feature_engineering.py:68] - Computing item-level aggregation and sentiment features...
2026-07-19 21:07:29,799 - INFO - [feature_engineering.py:88] - Computing item co-occurrence and Jaccard similarity matrix...
2026-07-19 21:07:29,800 - INFO - [feature_engineering.py:130] - Persisting feature tables to SQLite database at 'data_lake/feature_store.db'
2026-07-19 21:07:29,808 - INFO - [feature_engineering.py:148] - Successfully updated feature warehouse and metadata registry.
2026-07-20 10:50:47,475 - INFO - [feature_engineering.py:32] - Initializing SQLite database at 'data_lake/feature_store.db'
2026-07-20 10:50:47,479 - INFO - [feature_engineering.py:43] - Computing user-level aggregation features...
2026-07-20 10:50:47,487 - INFO - [feature_engineering.py:68] - Computing item-level aggregation and sentiment features...
2026-07-20 10:50:47,489 - INFO - [feature_engineering.py:88] - Computing item co-occurrence and Jaccard similarity matrix...
2026-07-20 10:50:47,494 - INFO - [feature_engineering.py:130] - Persisting feature tables to SQLite database at 'data_lake/feature_store.db'
2026-07-20 10:50:47,503 - INFO - [feature_engineering.py:148] - Successfully updated feature warehouse and metadata registry.
2026-07-20 22:17:39,085 - INFO - [feature_engineering.py:32] - Initializing SQLite database at 'data_lake/feature_store.db'
2026-07-20 22:17:39,086 - INFO - [feature_engineering.py:43] - Computing user-level aggregation features...
2026-07-20 22:17:39,092 - INFO - [feature_engineering.py:68] - Computing item-level aggregation and sentiment features...
2026-07-20 22:17:39,093 - INFO - [feature_engineering.py:88] - Computing item co-occurrence and Jaccard similarity matrix...
2026-07-20 22:17:39,099 - INFO - [feature_engineering.py:130] - Persisting feature tables to SQLite database at 'data_lake/feature_store.db'
2026-07-20 22:17:39,109 - INFO - [feature_engineering.py:148] - Successfully updated feature warehouse and metadata registry.
2026-07-20 22:17:47,261 - INFO - [feature_engineering.py:32] - Initializing SQLite database at 'data_lake/feature_store.db'
2026-07-20 22:17:47,262 - INFO - [feature_engineering.py:43] - Computing user-level aggregation features...
2026-07-20 22:17:47,265 - INFO - [feature_engineering.py:68] - Computing item-level aggregation and sentiment features...
2026-07-20 22:17:47,267 - INFO - [feature_engineering.py:88] - Computing item co-occurrence and Jaccard similarity matrix...
2026-07-20 22:17:47,268 - INFO - [feature_engineering.py:130] - Persisting feature tables to SQLite database at 'data_lake/feature_store.db'
2026-07-20 22:17:47,276 - INFO - [feature_engineering.py:148] - Successfully updated feature warehouse and metadata registry.
2026-07-20 22:22:51,371 - INFO - [feature_engineering.py:32] - Initializing SQLite database at 'data_lake/feature_store.db'
2026-07-20 22:22:51,373 - INFO - [feature_engineering.py:43] - Computing user-level aggregation features...
2026-07-20 22:22:51,377 - INFO - [feature_engineering.py:68] - Computing item-level aggregation and sentiment features...
2026-07-20 22:22:51,378 - INFO - [feature_engineering.py:88] - Computing item co-occurrence and Jaccard similarity matrix...
2026-07-20 22:22:51,380 - INFO - [feature_engineering.py:130] - Persisting feature tables to SQLite database at 'data_lake/feature_store.db'
2026-07-20 22:22:51,387 - INFO - [feature_engineering.py:148] - Successfully updated feature warehouse and metadata registry.
2026-07-20 22:28:35,487 - INFO - [feature_engineering.py:32] - Initializing SQLite database at 'data_lake/feature_store.db'
2026-07-20 22:28:35,489 - INFO - [feature_engineering.py:43] - Computing user-level aggregation features...
2026-07-20 22:28:35,495 - INFO - [feature_engineering.py:68] - Computing item-level aggregation and sentiment features...
2026-07-20 22:28:35,496 - INFO - [feature_engineering.py:88] - Computing item co-occurrence and Jaccard similarity matrix...
2026-07-20 22:28:35,501 - INFO - [feature_engineering.py:130] - Persisting feature tables to SQLite database at 'data_lake/feature_store.db'
2026-07-20 22:28:35,510 - INFO - [feature_engineering.py:148] - Successfully updated feature warehouse and metadata registry.
2026-07-20 22:34:17,883 - INFO - [feature_engineering.py:32] - Initializing SQLite database at 'data_lake/feature_store.db'
2026-07-20 22:34:17,884 - INFO - [feature_engineering.py:43] - Computing user-level aggregation features...
2026-07-20 22:34:17,889 - INFO - [feature_engineering.py:68] - Computing item-level aggregation and sentiment features...
2026-07-20 22:34:17,891 - INFO - [feature_engineering.py:88] - Computing item co-occurrence and Jaccard similarity matrix...
2026-07-20 22:34:17,896 - INFO - [feature_engineering.py:130] - Persisting feature tables to SQLite database at 'data_lake/feature_store.db'
2026-07-20 22:34:17,905 - INFO - [feature_engineering.py:148] - Successfully updated feature warehouse and metadata registry.
2026-07-20 22:34:24,227 - INFO - [feature_engineering.py:32] - Initializing SQLite database at 'data_lake/feature_store.db'
2026-07-20 22:34:24,228 - INFO - [feature_engineering.py:43] - Computing user-level aggregation features...
2026-07-20 22:34:24,232 - INFO - [feature_engineering.py:68] - Computing item-level aggregation and sentiment features...
2026-07-20 22:34:24,234 - INFO - [feature_engineering.py:88] - Computing item co-occurrence and Jaccard similarity matrix...
2026-07-20 22:34:24,236 - INFO - [feature_engineering.py:130] - Persisting feature tables to SQLite database at 'data_lake/feature_store.db'
2026-07-20 22:34:24,245 - INFO - [feature_engineering.py:148] - Successfully updated feature warehouse and metadata registry.
2026-07-20 22:34:46,119 - INFO - [feature_engineering.py:32] - Initializing SQLite database at 'data_lake/feature_store.db'
2026-07-20 22:34:46,119 - INFO - [feature_engineering.py:43] - Computing user-level aggregation features...
2026-07-20 22:34:46,122 - INFO - [feature_engineering.py:68] - Computing item-level aggregation and sentiment features...
2026-07-20 22:34:46,124 - INFO - [feature_engineering.py:88] - Computing item co-occurrence and Jaccard similarity matrix...
2026-07-20 22:34:46,125 - INFO - [feature_engineering.py:130] - Persisting feature tables to SQLite database at 'data_lake/feature_store.db'
2026-07-20 22:34:46,132 - INFO - [feature_engineering.py:148] - Successfully updated feature warehouse and metadata registry.
2026-07-20 22:37:36,943 - INFO - [feature_engineering.py:32] - Initializing SQLite database at 'data_lake/feature_store.db'
2026-07-20 22:37:36,944 - INFO - [feature_engineering.py:43] - Computing user-level aggregation features...
2026-07-20 22:37:36,949 - INFO - [feature_engineering.py:68] - Computing item-level aggregation and sentiment features...
2026-07-20 22:37:36,950 - INFO - [feature_engineering.py:88] - Computing item co-occurrence and Jaccard similarity matrix...
2026-07-20 22:37:36,955 - INFO - [feature_engineering.py:130] - Persisting feature tables to SQLite database at 'data_lake/feature_store.db'
2026-07-20 22:37:36,964 - INFO - [feature_engineering.py:148] - Successfully updated feature warehouse and metadata registry.
2026-07-20 22:38:40,943 - INFO - [feature_engineering.py:32] - Initializing SQLite database at 'data_lake/feature_store.db'
2026-07-20 22:38:40,944 - INFO - [feature_engineering.py:43] - Computing user-level aggregation features...
2026-07-20 22:38:40,949 - INFO - [feature_engineering.py:68] - Computing item-level aggregation and sentiment features...
2026-07-20 22:38:40,950 - INFO - [feature_engineering.py:88] - Computing item co-occurrence and Jaccard similarity matrix...
2026-07-20 22:38:40,955 - INFO - [feature_engineering.py:130] - Persisting feature tables to SQLite database at 'data_lake/feature_store.db'
2026-07-20 22:38:40,964 - INFO - [feature_engineering.py:148] - Successfully updated feature warehouse and metadata registry.
