2026-07-19 20:40:26,366 - INFO - [data_versioning.py:76] - Versioned dataset 'transactions' at stage 'raw' (MD5: 53d30e07...)
2026-07-19 20:40:26,368 - INFO - [data_versioning.py:76] - Versioned dataset 'transactions' at stage 'prepared' (MD5: f6215e08...)
2026-07-19 20:40:26,369 - INFO - [data_versioning.py:76] - Versioned dataset 'items' at stage 'prepared' (MD5: 8ea11229...)
2026-07-19 20:40:26,369 - INFO - [data_versioning.py:76] - Versioned dataset 'feature_store' at stage 'warehouse' (MD5: c23d45ed...)
2026-07-19 20:40:26,369 - INFO - [data_versioning.py:81] - Generating data lineage graph...
2026-07-19 20:41:02,497 - INFO - [data_versioning.py:76] - Versioned dataset 'transactions' at stage 'raw' (MD5: 795c7b90...)
2026-07-19 20:41:02,498 - INFO - [data_versioning.py:76] - Versioned dataset 'transactions' at stage 'prepared' (MD5: 5d6632e0...)
2026-07-19 20:41:02,498 - INFO - [data_versioning.py:76] - Versioned dataset 'items' at stage 'prepared' (MD5: 53423c7d...)
2026-07-19 20:41:02,499 - INFO - [data_versioning.py:76] - Versioned dataset 'feature_store' at stage 'warehouse' (MD5: 4601ed9c...)
2026-07-19 20:41:02,499 - INFO - [data_versioning.py:81] - Generating data lineage graph...
2026-07-19 20:46:28,137 - INFO - [data_versioning.py:76] - Versioned dataset 'transactions' at stage 'raw' (MD5: 795c7b90...)
2026-07-19 20:46:28,138 - INFO - [data_versioning.py:76] - Versioned dataset 'transactions' at stage 'prepared' (MD5: 5d6632e0...)
2026-07-19 20:46:28,138 - INFO - [data_versioning.py:76] - Versioned dataset 'items' at stage 'prepared' (MD5: 53423c7d...)
2026-07-19 20:46:28,139 - INFO - [data_versioning.py:76] - Versioned dataset 'feature_store' at stage 'warehouse' (MD5: 49d69e64...)
2026-07-19 20:46:28,139 - INFO - [data_versioning.py:81] - Generating data lineage graph...
2026-07-19 20:48:37,993 - INFO - [data_versioning.py:76] - Versioned dataset 'transactions' at stage 'raw' (MD5: 795c7b90...)
2026-07-19 20:48:37,994 - INFO - [data_versioning.py:76] - Versioned dataset 'transactions' at stage 'prepared' (MD5: 5d6632e0...)
2026-07-19 20:48:37,995 - INFO - [data_versioning.py:76] - Versioned dataset 'items' at stage 'prepared' (MD5: 53423c7d...)
2026-07-19 20:48:37,995 - INFO - [data_versioning.py:76] - Versioned dataset 'feature_store' at stage 'warehouse' (MD5: b4240d27...)
2026-07-19 20:48:37,995 - INFO - [data_versioning.py:81] - Generating data lineage graph...
2026-07-19 21:07:10,340 - INFO - [data_versioning.py:76] - Versioned dataset 'transactions' at stage 'raw' (MD5: 795c7b90...)
2026-07-19 21:07:10,343 - INFO - [data_versioning.py:76] - Versioned dataset 'transactions' at stage 'prepared' (MD5: a8070663...)
2026-07-19 21:07:10,344 - INFO - [data_versioning.py:76] - Versioned dataset 'items' at stage 'prepared' (MD5: 8ea11229...)
2026-07-19 21:07:10,344 - INFO - [data_versioning.py:76] - Versioned dataset 'feature_store' at stage 'warehouse' (MD5: 914b3eb0...)
2026-07-19 21:07:10,344 - INFO - [data_versioning.py:81] - Generating data lineage graph...
2026-07-19 21:07:27,394 - INFO - [data_versioning.py:76] - Versioned dataset 'transactions' at stage 'raw' (MD5: 795c7b90...)
2026-07-19 21:07:27,395 - INFO - [data_versioning.py:76] - Versioned dataset 'transactions' at stage 'prepared' (MD5: a754afd5...)
2026-07-19 21:07:27,396 - INFO - [data_versioning.py:76] - Versioned dataset 'items' at stage 'prepared' (MD5: 53423c7d...)
2026-07-19 21:07:27,396 - INFO - [data_versioning.py:76] - Versioned dataset 'feature_store' at stage 'warehouse' (MD5: 035d0a39...)
2026-07-19 21:07:27,396 - INFO - [data_versioning.py:81] - Generating data lineage graph...
2026-07-20 10:50:47,506 - INFO - [data_versioning.py:76] - Versioned dataset 'transactions' at stage 'raw' (MD5: c90ad01f...)
2026-07-20 10:50:47,509 - INFO - [data_versioning.py:76] - Versioned dataset 'transactions' at stage 'prepared' (MD5: a8070663...)
2026-07-20 10:50:47,510 - INFO - [data_versioning.py:76] - Versioned dataset 'items' at stage 'prepared' (MD5: 8ea11229...)
2026-07-20 10:50:47,511 - INFO - [data_versioning.py:76] - Versioned dataset 'feature_store' at stage 'warehouse' (MD5: c6a8d6bb...)
2026-07-20 10:50:47,511 - INFO - [data_versioning.py:81] - Generating data lineage graph...
